<?xml version="1.0" encoding="UTF-8"?>
<testng-results skipped="0" failed="0" ignored="0" total="1" passed="1">
  <reporter-output>
  </reporter-output>
  <suite name="Default suite" duration-ms="8361" started-at="2021-03-05T16:00:32Z" finished-at="2021-03-05T16:00:41Z">
    <groups>
    </groups>
    <test name="Default test" duration-ms="8361" started-at="2021-03-05T16:00:32Z" finished-at="2021-03-05T16:00:41Z">
      <class name="baseClass.executingTests">
        <test-method status="PASS" signature="init()[pri:0, instance:baseClass.executingTests@685cb137]" name="init" is-config="true" duration-ms="3206" started-at="2021-03-05T16:00:32Z" finished-at="2021-03-05T16:00:36Z">
          <reporter-output>
          </reporter-output>
        </test-method> <!-- init -->
        <test-method status="PASS" signature="startTest()[pri:0, instance:baseClass.executingTests@685cb137]" name="startTest" is-config="true" duration-ms="84" started-at="2021-03-05T16:00:36Z" finished-at="2021-03-05T16:00:36Z">
          <reporter-output>
          </reporter-output>
        </test-method> <!-- startTest -->
        <test-method status="PASS" signature="verifySearch()[pri:0, instance:baseClass.executingTests@685cb137]" name="verifySearch" duration-ms="2699" started-at="2021-03-05T16:00:36Z" finished-at="2021-03-05T16:00:38Z">
          <reporter-output>
          </reporter-output>
        </test-method> <!-- verifySearch -->
        <test-method status="PASS" signature="endTest()[pri:0, instance:baseClass.executingTests@685cb137]" name="endTest" is-config="true" duration-ms="237" started-at="2021-03-05T16:00:38Z" finished-at="2021-03-05T16:00:39Z">
          <reporter-output>
          </reporter-output>
        </test-method> <!-- endTest -->
        <test-method status="PASS" signature="tearDownDriver()[pri:0, instance:baseClass.executingTests@685cb137]" name="tearDownDriver" is-config="true" duration-ms="2117" started-at="2021-03-05T16:00:39Z" finished-at="2021-03-05T16:00:41Z">
          <reporter-output>
          </reporter-output>
        </test-method> <!-- tearDownDriver -->
      </class> <!-- baseClass.executingTests -->
    </test> <!-- Default test -->
  </suite> <!-- Default suite -->
</testng-results>
